[debug] [2023-01-09T19:22:09.772Z] ----------------------------------------------------------------------
[debug] [2023-01-09T19:22:09.777Z] Command:       C:\Program Files\nodejs\node.exe C:\Users\Ojas Suke\AppData\Roaming\npm\node_modules\firebase-tools\lib\bin\firebase.js init
[debug] [2023-01-09T19:22:09.779Z] CLI Version:   11.20.0
[debug] [2023-01-09T19:22:09.779Z] Platform:      win32
[debug] [2023-01-09T19:22:09.780Z] Node Version:  v16.18.0
[debug] [2023-01-09T19:22:09.783Z] Time:          Tue Jan 10 2023 00:52:09 GMT+0530 (India Standard Time)
[debug] [2023-01-09T19:22:09.784Z] ----------------------------------------------------------------------
[debug] 
[debug] [2023-01-09T19:22:10.029Z] > command requires scopes: ["email","openid","https://www.googleapis.com/auth/cloudplatformprojects.readonly","https://www.googleapis.com/auth/firebase","https://www.googleapis.com/auth/cloud-platform"]
[debug] [2023-01-09T19:22:10.037Z] > authorizing via signed-in user (ojassuke56@gmail.com)
[info] 
     ######## #### ########  ######## ########     ###     ######  ########
     ##        ##  ##     ## ##       ##     ##  ##   ##  ##       ##
     ######    ##  ########  ######   ########  #########  ######  ######
     ##        ##  ##    ##  ##       ##     ## ##     ##       ## ##
     ##       #### ##     ## ######## ########  ##     ##  ######  ########

You're about to initialize a Firebase project in this directory:

  C:\ieee-website

Before we get started, keep in mind:

  * You are currently outside your home directory
  * You are initializing within an existing Firebase project directory

[info] 
=== Project Setup
[info] 
[info] First, let's associate this project directory with a Firebase project.
[info] You can create multiple project aliases by running firebase use --add, 
[info] but for now we'll just set up a default project.
[info] 
[debug] [2023-01-09T19:22:29.333Z] Using project from CLI flag: aiml
[debug] [2023-01-09T19:22:29.340Z] >>> [apiv2][query] GET https://firebase.googleapis.com/v1beta1/projects/aiml [none]
[debug] [2023-01-09T19:22:30.291Z] <<< [apiv2][status] GET https://firebase.googleapis.com/v1beta1/projects/aiml 403
[debug] [2023-01-09T19:22:30.292Z] <<< [apiv2][body] GET https://firebase.googleapis.com/v1beta1/projects/aiml {"error":{"code":403,"message":"The caller does not have permission","status":"PERMISSION_DENIED"}}
[debug] [2023-01-09T19:22:30.293Z] HTTP Error: 403, The caller does not have permission
[debug] [2023-01-09T19:22:30.594Z] FirebaseError: HTTP Error: 403, The caller does not have permission
    at responseToError (C:\Users\Ojas Suke\AppData\Roaming\npm\node_modules\firebase-tools\lib\responseToError.js:49:12)
    at RetryOperation._fn (C:\Users\Ojas Suke\AppData\Roaming\npm\node_modules\firebase-tools\lib\apiv2.js:288:77)
    at processTicksAndRejections (node:internal/process/task_queues:96:5)
[error] 
[error] Error: Failed to get Firebase project aiml. Please make sure the project exists and your account has permission to access it.
[debug] [2023-01-09T19:22:51.451Z] ----------------------------------------------------------------------
[debug] [2023-01-09T19:22:51.457Z] Command:       C:\Program Files\nodejs\node.exe C:\Users\Ojas Suke\AppData\Roaming\npm\node_modules\firebase-tools\lib\bin\firebase.js deploy
[debug] [2023-01-09T19:22:51.458Z] CLI Version:   11.20.0
[debug] [2023-01-09T19:22:51.459Z] Platform:      win32
[debug] [2023-01-09T19:22:51.459Z] Node Version:  v16.18.0
[debug] [2023-01-09T19:22:51.463Z] Time:          Tue Jan 10 2023 00:52:51 GMT+0530 (India Standard Time)
[debug] [2023-01-09T19:22:51.464Z] ----------------------------------------------------------------------
[debug] 
[debug] [2023-01-09T19:22:51.690Z] > command requires scopes: ["email","openid","https://www.googleapis.com/auth/cloudplatformprojects.readonly","https://www.googleapis.com/auth/firebase","https://www.googleapis.com/auth/cloud-platform"]
[debug] [2023-01-09T19:22:51.691Z] > authorizing via signed-in user (ojassuke56@gmail.com)
[debug] [2023-01-09T19:22:51.691Z] [iam] checking project aiml for permissions ["firebase.projects.get","firebasehosting.sites.update"]
[debug] [2023-01-09T19:22:51.699Z] >>> [apiv2][query] POST https://cloudresourcemanager.googleapis.com/v1/projects/aiml:testIamPermissions [none]
[debug] [2023-01-09T19:22:51.700Z] >>> [apiv2][(partial)header] POST https://cloudresourcemanager.googleapis.com/v1/projects/aiml:testIamPermissions x-goog-quota-user=projects/aiml
[debug] [2023-01-09T19:22:51.700Z] >>> [apiv2][body] POST https://cloudresourcemanager.googleapis.com/v1/projects/aiml:testIamPermissions {"permissions":["firebase.projects.get","firebasehosting.sites.update"]}
[debug] [2023-01-09T19:22:53.643Z] <<< [apiv2][status] POST https://cloudresourcemanager.googleapis.com/v1/projects/aiml:testIamPermissions 200
[debug] [2023-01-09T19:22:53.644Z] <<< [apiv2][body] POST https://cloudresourcemanager.googleapis.com/v1/projects/aiml:testIamPermissions {}
[debug] [2023-01-09T19:22:53.645Z] [iam] error while checking permissions, command may fail: FirebaseError: Authorization failed. This account is missing the following required permissions on project aiml:

  firebase.projects.get
  firebasehosting.sites.update
[debug] [2023-01-09T19:22:53.648Z] >>> [apiv2][query] GET https://firebase.googleapis.com/v1beta1/projects/aiml [none]
[debug] [2023-01-09T19:22:54.344Z] <<< [apiv2][status] GET https://firebase.googleapis.com/v1beta1/projects/aiml 403
[debug] [2023-01-09T19:22:54.345Z] <<< [apiv2][body] GET https://firebase.googleapis.com/v1beta1/projects/aiml {"error":{"code":403,"message":"The caller does not have permission","status":"PERMISSION_DENIED"}}
[debug] [2023-01-09T19:22:54.347Z] HTTP Error: 403, The caller does not have permission
[debug] [2023-01-09T19:22:54.651Z] FirebaseError: HTTP Error: 403, The caller does not have permission
    at responseToError (C:\Users\Ojas Suke\AppData\Roaming\npm\node_modules\firebase-tools\lib\responseToError.js:49:12)
    at RetryOperation._fn (C:\Users\Ojas Suke\AppData\Roaming\npm\node_modules\firebase-tools\lib\apiv2.js:288:77)
    at processTicksAndRejections (node:internal/process/task_queues:96:5)
[error] 
[error] Error: Failed to get Firebase project aiml. Please make sure the project exists and your account has permission to access it.
